2023-12-25 20:53:32,903 - ChatServer - INFO - Server started.
2023-12-25 20:53:49,891 - ChatServer - DEBUG - New client connected: T1.
2023-12-25 20:53:56,906 - ChatServer - DEBUG - New client connected: T2.
2023-12-25 20:57:15,575 - ChatServer - INFO - Server started.
2023-12-25 20:57:26,279 - ChatServer - DEBUG - New client connected: T1.
2023-12-25 20:57:35,886 - ChatServer - DEBUG - New client connected: T2.
2023-12-25 21:00:37,376 - ChatServer - INFO - Server started.
2023-12-25 21:01:18,311 - ChatServer - INFO - Server started.
2023-12-25 21:02:37,489 - ChatServer - INFO - Server started.
2023-12-25 21:03:12,245 - ChatServer - INFO - Server started.
2023-12-25 21:03:18,652 - ChatServer - DEBUG - New client connected: T1.
2023-12-25 21:03:44,141 - ChatServer - INFO - Server started.
2023-12-25 21:06:15,265 - ChatServer - INFO - Server started.
2023-12-25 21:06:20,251 - ChatServer - DEBUG - New client connected: T1.
2023-12-25 21:06:26,683 - ChatServer - DEBUG - New client connected: T2.
2023-12-25 21:15:29,846 - ChatServer - INFO - Server started.
2023-12-25 21:15:39,860 - ChatServer - DEBUG - New client connected: T1.
2023-12-25 21:19:39,047 - ChatServer - INFO - Server started.
2023-12-25 21:19:43,097 - ChatServer - DEBUG - New client connected: T1.
2023-12-25 21:19:54,591 - ChatServer - DEBUG - New client connected: T5.
2023-12-25 21:24:01,539 - ChatServer - INFO - Server started.
2023-12-25 21:24:04,958 - ChatServer - DEBUG - New client connected: T1.
2023-12-25 21:27:07,805 - ChatServer - INFO - Server started.
2023-12-25 21:28:12,551 - ChatServer - INFO - Server started.
2023-12-25 21:30:36,298 - ChatServer - INFO - Server started.
2023-12-25 21:32:31,529 - ChatServer - INFO - Server started.
2023-12-25 21:32:42,891 - ChatServer - DEBUG - New client connected: T1.
2023-12-25 21:32:48,689 - ChatServer - ERROR - Exception occurred in handle_client: 0 bytes read on a total of None expected bytes
2023-12-25 21:34:51,121 - ChatServer - INFO - Server started.
2023-12-25 21:34:58,301 - ChatServer - DEBUG - New client connected: T1.
2023-12-25 21:35:05,629 - ChatServer - ERROR - Exception occurred in handle_client: 0 bytes read on a total of None expected bytes
2023-12-25 21:36:52,408 - ChatServer - INFO - Server started.
2023-12-25 21:36:59,834 - ChatServer - DEBUG - New client connected: T1.
2023-12-25 21:37:13,633 - ChatServer - ERROR - Exception occurred in handle_client: 0 bytes read on a total of None expected bytes
2023-12-25 21:38:35,014 - ChatServer - INFO - Server started.
2023-12-25 21:42:36,170 - ChatServer - INFO - Server started.
2023-12-25 21:42:41,858 - ChatServer - DEBUG - New client connected: T1.
2023-12-25 21:42:51,949 - ChatServer - ERROR - Exception occurred in handle_client: 0 bytes read on a total of None expected bytes
2023-12-25 21:45:09,676 - ChatServer - INFO - Server started.
2023-12-25 21:46:23,335 - ChatServer - INFO - Server started.
2023-12-25 21:46:35,010 - ChatServer - DEBUG - New client connected: Ti1.
2023-12-25 21:46:49,681 - ChatServer - DEBUG - New client connected: Y!.
2023-12-25 21:47:18,938 - ChatServer - ERROR - Exception occurred in handle_client: 0 bytes read on a total of None expected bytes
2023-12-25 21:47:18,944 - ChatServer - ERROR - Exception occurred in handle_client: 0 bytes read on a total of None expected bytes
2023-12-25 21:54:13,363 - ChatServer - INFO - Server started.
2023-12-25 21:54:21,794 - ChatServer - DEBUG - New client connected: T1.
2023-12-25 21:54:34,031 - ChatServer - DEBUG - New client connected: Y!1.
2023-12-26 11:12:45,889 - ChatServer - ERROR - Exception occurred in handle_client: 0 bytes read on a total of None expected bytes
2023-12-26 11:12:45,904 - ChatServer - ERROR - Exception occurred in handle_client: 0 bytes read on a total of None expected bytes
